\BOOKMARK [1][-]{section.1}{....}{}% 1
\BOOKMARK [2][-]{subsection.1.1}{.......}{section.1}% 2
\BOOKMARK [2][-]{subsection.1.2}{.....}{section.1}% 3
\BOOKMARK [2][-]{subsection.1.3}{.....}{section.1}% 4
\BOOKMARK [2][-]{subsection.1.4}{....3.}{section.1}% 5
\BOOKMARK [2][-]{subsection.1.5}{...}{section.1}% 6
\BOOKMARK [1][-]{section.2}{...}{}% 7
\BOOKMARK [2][-]{subsection.2.1}{...}{section.2}% 8
\BOOKMARK [2][-]{subsection.2.2}{...}{section.2}% 9
\BOOKMARK [2][-]{subsection.2.3}{....}{section.2}% 10
\BOOKMARK [1][-]{section.3}{...}{}% 11
\BOOKMARK [2][-]{subsection.3.1}{...}{section.3}% 12
\BOOKMARK [2][-]{subsection.3.2}{...}{section.3}% 13
\BOOKMARK [2][-]{subsection.3.3}{....}{section.3}% 14
\BOOKMARK [2][-]{subsection.3.4}{....}{section.3}% 15
\BOOKMARK [2][-]{subsection.3.5}{..}{section.3}% 16
\BOOKMARK [1][-]{section.4}{.....}{}% 17
\BOOKMARK [2][-]{subsection.4.1}{....}{section.4}% 18
\BOOKMARK [2][-]{subsection.4.2}{.....}{section.4}% 19
\BOOKMARK [2][-]{subsection.4.3}{...}{section.4}% 20
\BOOKMARK [2][-]{subsection.4.4}{...}{section.4}% 21
\BOOKMARK [1][-]{section.5}{....}{}% 22
\BOOKMARK [2][-]{subsection.5.1}{....}{section.5}% 23
\BOOKMARK [2][-]{subsection.5.2}{......}{section.5}% 24
\BOOKMARK [1][-]{section.6}{..}{}% 25
\BOOKMARK [2][-]{subsection.6.1}{....}{section.6}% 26
\BOOKMARK [2][-]{subsection.6.2}{...}{section.6}% 27
\BOOKMARK [2][-]{subsection.6.3}{......}{section.6}% 28
\BOOKMARK [2][-]{subsection.6.4}{.....}{section.6}% 29
\BOOKMARK [1][-]{section.7}{...}{}% 30
\BOOKMARK [2][-]{subsection.7.1}{.....}{section.7}% 31
\BOOKMARK [2][-]{subsection.7.2}{......}{section.7}% 32
\BOOKMARK [2][-]{subsection.7.3}{....}{section.7}% 33
\BOOKMARK [1][-]{section.8}{....}{}% 34
\BOOKMARK [2][-]{subsection.8.1}{.. ....}{section.8}% 35
\BOOKMARK [2][-]{subsection.8.2}{.. ....}{section.8}% 36
\BOOKMARK [2][-]{subsection.8.3}{.. ....}{section.8}% 37
\BOOKMARK [2][-]{subsection.8.4}{.. ....}{section.8}% 38
\BOOKMARK [2][-]{subsection.8.5}{.. ..}{section.8}% 39
\BOOKMARK [1][-]{section.9}{....}{}% 40
\BOOKMARK [2][-]{subsection.9.1}{....}{section.9}% 41
\BOOKMARK [2][-]{subsection.9.2}{.... ....}{section.9}% 42
\BOOKMARK [2][-]{subsection.9.3}{... ....}{section.9}% 43
\BOOKMARK [2][-]{subsection.9.4}{...}{section.9}% 44
\BOOKMARK [2][-]{subsection.9.5}{Panini}{section.9}% 45
\BOOKMARK [2][-]{subsection.9.6}{.... ....}{section.9}% 46
\BOOKMARK [1][-]{section.10}{....}{}% 47
\BOOKMARK [2][-]{subsection.10.1}{..}{section.10}% 48
\BOOKMARK [2][-]{subsection.10.2}{...}{section.10}% 49
\BOOKMARK [2][-]{subsection.10.3}{...}{section.10}% 50
\BOOKMARK [2][-]{subsection.10.4}{....}{section.10}% 51
\BOOKMARK [2][-]{subsection.10.5}{...}{section.10}% 52
\BOOKMARK [1][-]{section.11}{...}{}% 53
\BOOKMARK [2][-]{subsection.11.1}{...}{section.11}% 54
\BOOKMARK [2][-]{subsection.11.2}{....}{section.11}% 55
\BOOKMARK [2][-]{subsection.11.3}{...}{section.11}% 56
\BOOKMARK [2][-]{subsection.11.4}{.....}{section.11}% 57
\BOOKMARK [2][-]{subsection.11.5}{....}{section.11}% 58
\BOOKMARK [1][-]{section.12}{..}{}% 59
\BOOKMARK [2][-]{subsection.12.1}{... ..}{section.12}% 60
\BOOKMARK [2][-]{subsection.12.2}{.... ..}{section.12}% 61
\BOOKMARK [2][-]{subsection.12.3}{... ..}{section.12}% 62
\BOOKMARK [2][-]{subsection.12.4}{....}{section.12}% 63
\BOOKMARK [2][-]{subsection.12.5}{.....}{section.12}% 64
\BOOKMARK [2][-]{subsection.12.6}{...}{section.12}% 65
\BOOKMARK [2][-]{subsection.12.7}{Pancake Bread \(Trader Joe's\)}{section.12}% 66
\BOOKMARK [1][-]{section.13}{..}{}% 67
\BOOKMARK [2][-]{subsection.13.1}{...}{section.13}% 68
\BOOKMARK [2][-]{subsection.13.2}{..}{section.13}% 69
\BOOKMARK [2][-]{subsection.13.3}{.. ..}{section.13}% 70
\BOOKMARK [2][-]{subsection.13.4}{...}{section.13}% 71
\BOOKMARK [2][-]{subsection.13.5}{...}{section.13}% 72
\BOOKMARK [2][-]{subsection.13.6}{...}{section.13}% 73
\BOOKMARK [2][-]{subsection.13.7}{....}{section.13}% 74
\BOOKMARK [2][-]{subsection.13.8}{...}{section.13}% 75
\BOOKMARK [2][-]{subsection.13.9}{.....}{section.13}% 76
\BOOKMARK [2][-]{subsection.13.10}{.. ... \(Malt Powder\)}{section.13}% 77
\BOOKMARK [2][-]{subsection.13.11}{.... ... \(Malted Milk Powder\)}{section.13}% 78
\BOOKMARK [2][-]{subsection.13.12}{.... ... \(Buttermilk Powder\)}{section.13}% 79
\BOOKMARK [2][-]{subsection.13.13}{Taro}{section.13}% 80
